2025-11-01 10:07:27 [INFO] com.bank.dao.TransactionDAO - Transactions table verified/created successfully.
2025-11-01 10:08:08 [INFO] com.bank.service.AuthService - ✅ Login successful for user: greeshmitha
2025-11-01 10:08:18 [INFO] com.bank.dao.TransactionDAO - Transaction recorded: withdraw ₹1000.0 (Target: null)
2025-11-01 10:08:18 [INFO] com.bank.service.Bank - Withdrawal ₹1000.0 from account ACC1761145533500. Remaining: ₹633.0
2025-11-01 10:09:48 [INFO] com.bank.service.Bank - Displayed all accounts.
2025-11-01 10:10:05 [INFO] com.bank.dao.TransactionDAO - Transaction recorded: transfer ₹200.0 (Target: ACC1761220447319)
2025-11-01 10:10:05 [INFO] com.bank.dao.TransactionDAO - Transaction recorded: credit ₹200.0 (Target: ACC1761145533500)
2025-11-01 10:10:05 [INFO] com.bank.service.Bank - Transfer ₹200.0 from ACC1761145533500 to ACC1761220447319
2025-11-01 10:10:12 [INFO] com.bank.service.Bank - Checked balance for greeshmitha (ACC1761145533500): ₹433.0
2025-11-01 10:50:47 [INFO] com.bank.dao.TransactionDAO - Transactions table verified/created successfully.
2025-11-01 10:51:08 [INFO] com.bank.service.AuthService - ✅ Login successful for user: greeshmitha
2025-11-01 10:51:22 [WARN] com.bank.service.Bank - Report generation failed — account asd not found
2025-11-01 10:51:33 [INFO] com.bank.service.Bank - Checked balance for greeshmitha (ACC1761145533500): ₹433.0
2025-11-01 10:51:36 [INFO] com.bank.service.Bank - Displayed all accounts.
2025-11-01 10:51:50 [INFO] com.bank.dao.TransactionDAO - Fetched 13 transactions for report (account: ACC1761145533500)
2025-11-01 10:51:50 [INFO] com.bank.report.ReportGenerator - CSV report generated successfully for account ACC1761145533500
2025-11-01 10:51:50 [INFO] com.bank.service.Bank - Report generated for account ACC1761145533500
2025-11-01 10:58:11 [INFO] com.bank.dao.TransactionDAO - Transactions table verified/created successfully.
2025-11-01 10:58:32 [INFO] com.bank.service.AuthService - ✅ Login successful for user: greeshmitha
2025-11-01 10:58:34 [INFO] com.bank.dao.TransactionDAO - Fetched 13 transactions for report (account: ACC1761145533500)
2025-11-01 10:58:34 [INFO] com.bank.report.ReportGenerator - CSV report generated successfully for account ACC1761145533500
2025-11-01 10:58:34 [INFO] com.bank.service.Bank - Report generated for account ACC1761145533500
2025-11-01 10:59:48 [INFO] com.bank.service.AuthService - ✅ Login successful for user: sahastrajith
2025-11-01 10:59:52 [INFO] com.bank.dao.TransactionDAO - Fetched 11 transactions for report (account: ACC1761155324243)
2025-11-01 10:59:52 [INFO] com.bank.report.ReportGenerator - CSV report generated successfully for account ACC1761155324243
2025-11-01 10:59:52 [INFO] com.bank.service.Bank - Report generated for account ACC1761155324243
2025-11-01 11:59:29 [INFO] com.bank.dao.TransactionDAO - Transactions table verified/created successfully.
2025-11-01 11:59:42 [INFO] com.bank.service.AuthService - ✅ Login successful for user: sahastrajith
2025-11-01 11:59:45 [INFO] com.bank.dao.TransactionDAO - Fetched 11 transactions for report (account: ACC1761155324243)
2025-11-01 11:59:45 [INFO] com.bank.report.ReportGenerator - ✅ PDF report generated successfully at reports/report_ACC1761155324243.pdf
2025-11-01 12:04:19 [INFO] com.bank.service.AuthService - ✅ Login successful for user: greeshmitha
2025-11-01 12:04:29 [INFO] com.bank.dao.TransactionDAO - Fetched 13 transactions for report (account: ACC1761145533500)
2025-11-01 12:04:29 [INFO] com.bank.report.ReportGenerator - ✅ PDF report generated successfully at reports/report_ACC1761145533500.pdf
2025-11-01 12:55:40 [INFO] com.bank.dao.Database - ✅ Tables 'accounts' and 'users' ready (with email column) in database.
2025-11-01 12:55:40 [INFO] com.bank.dao.TransactionDAO - Transactions table verified/created successfully.
2025-11-01 12:55:51 [INFO] com.bank.service.AuthService - ✅ Login successful for user: greeshmitha
2025-11-01 12:56:47 [INFO] com.bank.service.Bank - New account created: ACC1761982006973 (Lakshmi) with initial deposit ₹100.0 and email lbinguma2@gitam.in
2025-11-01 12:57:41 [INFO] com.bank.service.AuthService - ✅ New user registered: Lakshmi linked to ACC1761982006973 (email=lbinguma2@gitam.in)
2025-11-01 12:57:59 [INFO] com.bank.service.AuthService - ✅ Login successful for user: Lakshmi
2025-11-01 13:34:08 [INFO] com.bank.dao.Database - ✅ Tables 'accounts' and 'users' ready (with email column) in database.
2025-11-01 13:34:08 [INFO] com.bank.dao.TransactionDAO - Transactions table verified/created successfully.
2025-11-01 13:34:22 [INFO] com.bank.service.AuthService - ✅ Login successful for user: Lakshmi
2025-11-01 13:34:29 [INFO] com.bank.dao.TransactionDAO - Fetched 0 transactions for report (account: ACC1761982006973)
2025-11-01 13:34:29 [INFO] com.bank.service.Bank - No transactions found for report generation (account: ACC1761982006973)
2025-11-01 16:35:52 [INFO] com.bank.dao.Database - ✅ Tables 'accounts' and 'users' ready (with email column) in database.
2025-11-01 16:35:52 [INFO] com.bank.dao.TransactionDAO - Transactions table verified/created successfully.
2025-11-01 16:36:45 [INFO] com.bank.service.Bank - New account created: ACC1761995205860 (Lakshmi Greeshmitha) with initial deposit ₹200.0 and email greeshmitha2702@gmail.com
2025-11-01 16:42:11 [INFO] com.bank.dao.Database - ✅ Tables 'accounts' and 'users' ready (with email column) in database.
2025-11-01 16:42:11 [INFO] com.bank.dao.TransactionDAO - Transactions table verified/created successfully.
2025-11-01 16:43:10 [INFO] com.bank.service.Bank - New account created: ACC1761995589999 (Greesh) with initial deposit ₹1000.0 and email lbinguma2@gitam.in
2025-11-01 16:43:14 [INFO] com.bank.service.Bank - 📨 Welcome email sent to lbinguma2@gitam.in
2025-11-01 16:44:06 [INFO] com.bank.service.AuthService - ✅ New user registered: greesh linked to ACC1761995589999 (email=lbinguma2@gitam.in)
2025-11-01 16:44:51 [WARN] com.bank.service.AuthService - Incorrect password for user: greesh
2025-11-01 16:45:17 [INFO] com.bank.service.AuthService - ✅ Login successful for user: greesh
2025-11-01 16:45:22 [INFO] com.bank.dao.TransactionDAO - Transaction recorded: deposit ₹100.0 (Target: null)
2025-11-01 16:45:22 [INFO] com.bank.service.Bank - Deposit ₹100.0 to account ACC1761995589999. New balance: ₹1100.0
2025-11-01 16:45:28 [INFO] com.bank.dao.TransactionDAO - Transaction recorded: withdraw ₹200.0 (Target: null)
2025-11-01 16:45:28 [INFO] com.bank.service.Bank - Withdrawal ₹200.0 from account ACC1761995589999. Remaining: ₹900.0
2025-11-01 16:45:31 [INFO] com.bank.service.Bank - Checked balance for Greesh (ACC1761995589999): ₹900.0
2025-11-01 16:45:37 [INFO] com.bank.service.Bank - Displayed all accounts.
2025-11-01 16:45:56 [INFO] com.bank.dao.TransactionDAO - Transaction recorded: transfer ₹500.0 (Target: ACC1761220447319)
2025-11-01 16:45:56 [INFO] com.bank.dao.TransactionDAO - Transaction recorded: credit ₹500.0 (Target: ACC1761995589999)
2025-11-01 16:45:56 [INFO] com.bank.service.Bank - Transfer ₹500.0 from ACC1761995589999 to ACC1761220447319
2025-11-01 16:46:14 [INFO] com.bank.dao.TransactionDAO - Transaction recorded: transfer ₹10.0 (Target: ACC1761220447319)
2025-11-01 16:46:14 [INFO] com.bank.dao.TransactionDAO - Transaction recorded: credit ₹10.0 (Target: ACC1761995589999)
2025-11-01 16:46:14 [INFO] com.bank.service.Bank - Transfer ₹10.0 from ACC1761995589999 to ACC1761220447319
2025-11-01 16:46:27 [INFO] com.bank.dao.TransactionDAO - Fetched 4 transactions for report (account: ACC1761995589999)
2025-11-01 16:46:28 [INFO] com.bank.report.ReportGenerator - ✅ PDF report generated successfully at reports/report_ACC1761995589999.pdf
2025-11-01 16:46:31 [INFO] com.bank.service.Bank - 📧 Report emailed to lbinguma2@gitam.in
2025-11-01 16:50:24 [INFO] com.bank.dao.Database - ✅ Tables 'accounts' and 'users' ready (with email column) in database.
2025-11-01 16:50:24 [INFO] com.bank.dao.TransactionDAO - Transactions table verified/created successfully.
2025-11-01 16:50:34 [INFO] com.bank.service.AuthService - ✅ Login successful for user: greesh
2025-11-01 16:50:37 [INFO] com.bank.dao.TransactionDAO - Fetched 4 transactions for report (account: ACC1761995589999)
2025-11-01 16:50:38 [INFO] com.bank.report.ReportGenerator - ✅ PDF report generated successfully at reports/report_ACC1761995589999.pdf
2025-11-01 16:50:41 [INFO] com.bank.service.Bank - 📧 Report emailed to lbinguma2@gitam.in
2025-11-01 16:53:02 [INFO] com.bank.dao.Database - ✅ Tables 'accounts' and 'users' ready (with email column) in database.
2025-11-01 16:53:02 [INFO] com.bank.dao.TransactionDAO - Transactions table verified/created successfully.
2025-11-01 16:53:12 [INFO] com.bank.service.AuthService - ✅ Login successful for user: greesh
2025-11-01 16:53:15 [INFO] com.bank.dao.TransactionDAO - Fetched 4 transactions for report (account: ACC1761995589999)
2025-11-01 16:53:15 [INFO] com.bank.report.ReportGenerator - ✅ PDF report generated successfully at reports/report_ACC1761995589999.pdf
2025-11-01 16:53:20 [INFO] com.bank.service.Bank - 📧 Report emailed to lbinguma2@gitam.in
